1617194854467	geckodriver	INFO	Listening on 127.0.0.1:50571
1617194857529	mozrunner::runner	INFO	Running command: "C:\\Program Files\\Mozilla Firefox\\firefox.exe" "--marionette" "-foreground" "-no-remote" "-profile" "C:\\Users\\jpfla\\AppData\\Local\\Temp\\rust_mozprofile30k6XD"
console.warn: SearchSettings: "get: No settings file exists, new profile?" (new Error("", "(unknown module)"))
1617194872041	Marionette	INFO	Listening on port 50580
1617194872267	Marionette	WARN	TLS certificate errors will be ignored for this session
JavaScript warning: http://loterias.caixa.gov.br/InstitucionalTema/themes/static/js/jquery-1.9.1.min.js, line 2: Using //@ to indicate sourceMappingURL pragmas is deprecated. Use //# instead
JavaScript warning: http://loterias.caixa.gov.br/InstitucionalTema/themes/static/js/rybena-1.0.js, line 0: Successfully compiled asm.js code (total compilation time 150ms)
SourceActor threw an exception: Error: Failed to fetch http://loterias.caixa.gov.br/wps/portal/loterias/landing/megasena/. Code 2152398879.
Stack: onResponse@resource://devtools/shared/DevToolsUtils.js:556:16
onStopRequest@resource://gre/modules/NetUtil.jsm:128:18
Line: 556, column: 16
console.error: (new Error("Failed to fetch http://loterias.caixa.gov.br/wps/portal/loterias/landing/megasena/. Code 2152398879.", "resource://devtools/shared/DevToolsUtils.js", 556))
JavaScript error: resource://devtools/shared/DevToolsUtils.js, line 556: Error: Failed to fetch http://loterias.caixa.gov.br/wps/portal/loterias/landing/megasena/. Code 2152398879.
SourceActor threw an exception: Error: Failed to fetch http://loterias.caixa.gov.br/wps/PA_loterias-pub/js/app.js. Code 2152398879.
Stack: onResponse@resource://devtools/shared/DevToolsUtils.js:556:16
onStopRequest@resource://gre/modules/NetUtil.jsm:128:18
Line: 556, column: 16
console.error: (new Error("Failed to fetch http://loterias.caixa.gov.br/wps/PA_loterias-pub/js/app.js. Code 2152398879.", "resource://devtools/shared/DevToolsUtils.js", 556))
JavaScript error: resource://devtools/shared/DevToolsUtils.js, line 556: Error: Failed to fetch http://loterias.caixa.gov.br/wps/PA_loterias-pub/js/app.js. Code 2152398879.
SourceActor threw an exception: Error: Failed to fetch http://loterias.caixa.gov.br/wps/contenthandler/!ut/p/digest!zpGlEiidBQ-1ajPSpjP1Pg/mashup/ra:collection?themeID=ZJ_61L0H0G0J03540AI77QD5F3OV7&locale=pt-BR&locale=pt&locale=en&mime-type=text%2Fplain&entry=wp_asa_module_path__0.0%3Aconfig_config_static&entry=mm_enabler__0.0%3Aconfig_config_static&entry=wp_pagebuilder_module_path__0.0%3Aconfig_config_static&entry=wp_portal_client_module_path__0.0%3Aconfig_config_static&entry=wcm_config__0.0%3Aconfig_config_static&entry=wp_contentmapping_module_path__0.0%3Aconfig_config_static&entry=wcm_inplaceEdit__0.0%3Aconfig_config_static&entry=wp_portal__0.0%3Aconfig_config_static&entry=wp_federation_module_path__0.0%3Aconfig_config_static. Code 2152398879.
Stack: onResponse@resource://devtools/shared/DevToolsUtils.js:556:16
onStopRequest@resource://gre/modules/NetUtil.jsm:128:18
Line: 556, column: 16
console.error: (new Error("Failed to fetch http://loterias.caixa.gov.br/wps/contenthandler/!ut/p/digest!zpGlEiidBQ-1ajPSpjP1Pg/mashup/ra:collection?themeID=ZJ_61L0H0G0J03540AI77QD5F3OV7&locale=pt-BR&locale=pt&locale=en&mime-type=text%2Fplain&entry=wp_asa_module_path__0.0%3Aconfig_config_static&entry=mm_enabler__0.0%3Aconfig_config_static&entry=wp_pagebuilder_module_path__0.0%3Aconfig_config_static&entry=wp_portal_client_module_path__0.0%3Aconfig_config_static&entry=wcm_config__0.0%3Aconfig_config_static&entry=wp_contentmapping_module_path__0.0%3Aconfig_config_static&entry=wcm_inplaceEdit__0.0%3Aconfig_config_static&entry=wp_portal__0.0%3Aconfig_config_static&entry=wp_federation_module_path__0.0%3Aconfig_config_static. Code 2152398879.", "resource://devtools/shared/DevToolsUtils.js", 556))
JavaScript error: resource://devtools/shared/DevToolsUtils.js, line 556: Error: Failed to fetch http://loterias.caixa.gov.br/wps/contenthandler/!ut/p/digest!zpGlEiidBQ-1ajPSpjP1Pg/mashup/ra:collection?themeID=ZJ_61L0H0G0J03540AI77QD5F3OV7&locale=pt-BR&locale=pt&locale=en&mime-type=text%2Fplain&entry=wp_asa_module_path__0.0%3Aconfig_config_static&entry=mm_enabler__0.0%3Aconfig_config_static&entry=wp_pagebuilder_module_path__0.0%3Aconfig_config_static&entry=wp_portal_client_module_path__0.0%3Aconfig_config_static&entry=wcm_config__0.0%3Aconfig_config_static&entry=wp_contentmapping_module_path__0.0%3Aconfig_config_static&entry=wcm_inplaceEdit__0.0%3Aconfig_config_static&entry=wp_portal__0.0%3Aconfig_config_static&entry=wp_federation_module_path__0.0%3Aconfig_config_static. Code 2152398879.
1617194907027	Marionette	INFO	Stopped listening on port 50580

###!!! [Child][RunMessage] Error: Channel closing: too late to send/recv, messages will be lost

1617194907813	geckodriver	INFO	Listening on 127.0.0.1:50755
1617194910821	mozrunner::runner	INFO	Running command: "C:\\Program Files\\Mozilla Firefox\\firefox.exe" "--marionette" "-foreground" "-no-remote" "-profile" "C:\\Users\\jpfla\\AppData\\Local\\Temp\\rust_mozprofilemz8QwZ"
console.warn: SearchSettings: "get: No settings file exists, new profile?" (new Error("", "(unknown module)"))
1617194917408	Marionette	INFO	Listening on port 50763
1617194917861	Marionette	WARN	TLS certificate errors will be ignored for this session
JavaScript warning: http://loterias.caixa.gov.br/InstitucionalTema/themes/static/js/jquery-1.9.1.min.js, line 2: Using //@ to indicate sourceMappingURL pragmas is deprecated. Use //# instead
JavaScript warning: http://loterias.caixa.gov.br/InstitucionalTema/themes/static/js/rybena-1.0.js, line 0: Successfully compiled asm.js code (total compilation time 188ms)
1617194922917	Marionette	INFO	Stopped listening on port 50763
JavaScript error: resource://gre/modules/UrlClassifierListManager.jsm, line 691: TypeError: this.tablesData[table] is undefined

###!!! [Child][RunMessage] Error: Channel closing: too late to send/recv, messages will be lost

[Parent 8420, IPC I/O Parent] WARNING: file /builds/worker/checkouts/gecko/ipc/chromium/src/base/process_util_win.cc:167

###!!! [Child][RunMessage] Error: Channel closing: too late to send/recv, messages will be lost

1617195019074	geckodriver	INFO	Listening on 127.0.0.1:50868
1617195036021	geckodriver	INFO	Listening on 127.0.0.1:50878
1617195039037	mozrunner::runner	INFO	Running command: "C:\\Program Files\\Mozilla Firefox\\firefox.exe" "--marionette" "-foreground" "-no-remote" "-profile" "C:\\Users\\jpfla\\AppData\\Local\\Temp\\rust_mozprofileSDyq2w"
console.warn: SearchSettings: "get: No settings file exists, new profile?" (new Error("", "(unknown module)"))
1617195044773	Marionette	INFO	Listening on port 50886
1617195045286	Marionette	WARN	TLS certificate errors will be ignored for this session
JavaScript warning: http://loterias.caixa.gov.br/InstitucionalTema/themes/static/js/jquery-1.9.1.min.js, line 2: Using //@ to indicate sourceMappingURL pragmas is deprecated. Use //# instead
JavaScript warning: http://loterias.caixa.gov.br/InstitucionalTema/themes/static/js/rybena-1.0.js, line 0: Successfully compiled asm.js code (total compilation time 123ms)
1617195049729	Marionette	INFO	Stopped listening on port 50886
JavaScript error: resource://gre/modules/UrlClassifierListManager.jsm, line 691: TypeError: this.tablesData[table] is undefined

###!!! [Child][RunMessage] Error: Channel closing: too late to send/recv, messages will be lost

1617195197401	geckodriver	INFO	Listening on 127.0.0.1:50974
1617195200419	mozrunner::runner	INFO	Running command: "C:\\Program Files\\Mozilla Firefox\\firefox.exe" "--marionette" "-foreground" "-no-remote" "-profile" "C:\\Users\\jpfla\\AppData\\Local\\Temp\\rust_mozprofileubqnpk"
console.warn: SearchSettings: "get: No settings file exists, new profile?" (new Error("", "(unknown module)"))
1617195206395	Marionette	INFO	Listening on port 50982
1617195206730	Marionette	WARN	TLS certificate errors will be ignored for this session
JavaScript warning: http://loterias.caixa.gov.br/InstitucionalTema/themes/static/js/jquery-1.9.1.min.js, line 2: Using //@ to indicate sourceMappingURL pragmas is deprecated. Use //# instead
JavaScript warning: http://loterias.caixa.gov.br/InstitucionalTema/themes/static/js/rybena-1.0.js, line 0: Successfully compiled asm.js code (total compilation time 118ms)
JavaScript error: http://loterias.caixa.gov.br/wps/PA_loterias-pub/js/portalUtil.js, line 32: ReferenceError: can't access lexical declaration 'resultado' before initialization
JavaScript error: http://loterias.caixa.gov.br/wps/PA_loterias-pub/js/controller/resultadoMegaSenaCtrl.js, line 31: TypeError: $scope.resultado is undefined
JavaScript warning: http://loterias.caixa.gov.br/InstitucionalTema/themes/static/js/jquery-1.9.1.min.js, line 2: Using //@ to indicate sourceMappingURL pragmas is deprecated. Use //# instead
JavaScript warning: http://loterias.caixa.gov.br/InstitucionalTema/themes/static/js/rybena-1.0.js, line 0: Successfully compiled asm.js code (total compilation time 95ms)
SourceActor threw an exception: [Exception... "Failed to open input source 'javascript:void(0)'"  nsresult: "0x80040111 (NS_ERROR_NOT_AVAILABLE)"  location: "JS frame :: resource://devtools/shared/DevToolsUtils.js :: mainThreadFetch/< :: line 670"  data: yes]
Stack: mainThreadFetch/<@resource://devtools/shared/DevToolsUtils.js:670:15
mainThreadFetch@resource://devtools/shared/DevToolsUtils.js:516:10
_fetchURLContents@resource://devtools/server/actors/utils/sources-manager.js:439:22
urlContents@resource://devtools/server/actors/utils/sources-manager.js:406:17
_resurrectSource@resource://devtools/server/actors/thread.js:2156:35
addAllSources@resource://devtools/server/actors/thread.js:1509:14
watch@resource://devtools/server/actors/resources/sources.js:52:17
watchResources@resource://devtools/server/actors/resources/index.js:214:19
_watchTargetResources@resource://devtools/server/actors/targets/target-actor-mixin.js:97:24
addWatcherDataEntry@resource://devtools/server/actors/targets/target-actor-mixin.js:34:20
_addWatcherDataEntry@resource://devtools/server/connectors/js-window-actor/DevToolsFrameChild.jsm:412:24
receiveMessage@resource://devtools/server/connectors/js-window-actor/DevToolsFrameChild.jsm:354:21
Line: 670, column: 0
console.error: ({})
JavaScript error: resource://devtools/shared/DevToolsUtils.js, line 670: NS_ERROR_NOT_AVAILABLE: Failed to open input source 'javascript:void(0)'
SourceActor threw an exception: Error: Failed to fetch http://loterias.caixa.gov.br/wps/PA_loterias-pub/js/app.js. Code 2152398879.
Stack: onResponse@resource://devtools/shared/DevToolsUtils.js:556:16
onStopRequest@resource://gre/modules/NetUtil.jsm:128:18
Line: 556, column: 16
console.error: (new Error("Failed to fetch http://loterias.caixa.gov.br/wps/PA_loterias-pub/js/app.js. Code 2152398879.", "resource://devtools/shared/DevToolsUtils.js", 556))
JavaScript error: resource://devtools/shared/DevToolsUtils.js, line 556: Error: Failed to fetch http://loterias.caixa.gov.br/wps/PA_loterias-pub/js/app.js. Code 2152398879.
SourceActor threw an exception: Error: Failed to fetch http://loterias.caixa.gov.br/wps/portal/loterias/landing/megasena/. Code 2152398879.
Stack: onResponse@resource://devtools/shared/DevToolsUtils.js:556:16
onStopRequest@resource://gre/modules/NetUtil.jsm:128:18
Line: 556, column: 16
console.error: (new Error("Failed to fetch http://loterias.caixa.gov.br/wps/portal/loterias/landing/megasena/. Code 2152398879.", "resource://devtools/shared/DevToolsUtils.js", 556))
JavaScript error: resource://devtools/shared/DevToolsUtils.js, line 556: Error: Failed to fetch http://loterias.caixa.gov.br/wps/portal/loterias/landing/megasena/. Code 2152398879.
SourceActor threw an exception: Error: Failed to fetch http://loterias.caixa.gov.br/wps/contenthandler/!ut/p/digest!zpGlEiidBQ-1ajPSpjP1Pg/mashup/ra:collection?themeID=ZJ_61L0H0G0J03540AI77QD5F3OV7&locale=pt-BR&locale=pt&locale=en&mime-type=text%2Fplain&entry=wp_asa_module_path__0.0%3Aconfig_config_static&entry=wp_portal_client_module_path__0.0%3Aconfig_config_static&entry=mm_enabler__0.0%3Aconfig_config_static&entry=wp_pagebuilder_module_path__0.0%3Aconfig_config_static&entry=wcm_config__0.0%3Aconfig_config_static&entry=wp_contentmapping_module_path__0.0%3Aconfig_config_static&entry=wcm_inplaceEdit__0.0%3Aconfig_config_static&entry=wp_portal__0.0%3Aconfig_config_static&entry=wp_federation_module_path__0.0%3Aconfig_config_static. Code 2152398879.
Stack: onResponse@resource://devtools/shared/DevToolsUtils.js:556:16
onStopRequest@resource://gre/modules/NetUtil.jsm:128:18
Line: 556, column: 16
console.error: (new Error("Failed to fetch http://loterias.caixa.gov.br/wps/contenthandler/!ut/p/digest!zpGlEiidBQ-1ajPSpjP1Pg/mashup/ra:collection?themeID=ZJ_61L0H0G0J03540AI77QD5F3OV7&locale=pt-BR&locale=pt&locale=en&mime-type=text%2Fplain&entry=wp_asa_module_path__0.0%3Aconfig_config_static&entry=wp_portal_client_module_path__0.0%3Aconfig_config_static&entry=mm_enabler__0.0%3Aconfig_config_static&entry=wp_pagebuilder_module_path__0.0%3Aconfig_config_static&entry=wcm_config__0.0%3Aconfig_config_static&entry=wp_contentmapping_module_path__0.0%3Aconfig_config_static&entry=wcm_inplaceEdit__0.0%3Aconfig_config_static&entry=wp_portal__0.0%3Aconfig_config_static&entry=wp_federation_module_path__0.0%3Aconfig_config_static. Code 2152398879.", "resource://devtools/shared/DevToolsUtils.js", 556))
JavaScript error: resource://devtools/shared/DevToolsUtils.js, line 556: Error: Failed to fetch http://loterias.caixa.gov.br/wps/contenthandler/!ut/p/digest!zpGlEiidBQ-1ajPSpjP1Pg/mashup/ra:collection?themeID=ZJ_61L0H0G0J03540AI77QD5F3OV7&locale=pt-BR&locale=pt&locale=en&mime-type=text%2Fplain&entry=wp_asa_module_path__0.0%3Aconfig_config_static&entry=wp_portal_client_module_path__0.0%3Aconfig_config_static&entry=mm_enabler__0.0%3Aconfig_config_static&entry=wp_pagebuilder_module_path__0.0%3Aconfig_config_static&entry=wcm_config__0.0%3Aconfig_config_static&entry=wp_contentmapping_module_path__0.0%3Aconfig_config_static&entry=wcm_inplaceEdit__0.0%3Aconfig_config_static&entry=wp_portal__0.0%3Aconfig_config_static&entry=wp_federation_module_path__0.0%3Aconfig_config_static. Code 2152398879.
1617195602467	Marionette	INFO	Stopped listening on port 50982

###!!! [Child][RunMessage] Error: Channel closing: too late to send/recv, messages will be lost

"--marionette" "-foreground" "-no-remote" "-profile" "C:\\Users\\jpfla\\AppData\\Local\\Temp\\rust_mozprofilezhtLhc"
console.warn: SearchSettings: "get: No settings file exists, new profile?" (new Error("", "(unknown module)"))
1617195543029	Marionette	INFO	Listening on port 51209
1617195543447	Marionette	WARN	TLS certificate errors will be ignored for this session
JavaScript warning: http://loterias.caixa.gov.br/InstitucionalTema/themes/static/js/jquery-1.9.1.min.js, line 2: Using //@ to indicate sourceMappingURL pragmas is deprecated. Use //# instead
JavaScript warning: http://loterias.caixa.gov.br/InstitucionalTema/themes/static/js/rybena-1.0.js, line 0: Successfully compiled asm.js code (total compilation time 139ms)
1617195579604	Marionette	INFO	Stopped listening on port 51209
[Child 14128, IPC I/O Child] WARNING: pipe error: 232: file /builds/worker/checkouts/gecko/ipc/chromium/src/chrome/common/ipc_channel_win.cc:544
[Parent 1844, IPC I/O Parent] WARNING: file /builds/worker/checkouts/gecko/ipc/chromium/src/base/process_util_win.cc:167

###!!! [Child][RunMessage] Error: Channel closing: too late to send/recv, messages will be lost

1617195715121	geckodriver	INFO	Listening on 127.0.0.1:51334
1617195722817	geckodriver	INFO	Listening on 127.0.0.1:51338
1617195725830	mozrunner::runner	INFO	Running command: "C:\\Program Files\\Mozilla Firefox\\firefox.exe" "--marionette" "-foreground" "-no-remote" "-profile" "C:\\Users\\jpfla\\AppData\\Local\\Temp\\rust_mozprofileJZrnrj"
console.warn: SearchSettings: "get: No settings file exists, new profile?" (new Error("", "(unknown module)"))
1617195732691	Marionette	INFO	Listening on port 51348
1617195733196	Marionette	WARN	TLS certificate errors will be ignored for this session
JavaScript warning: http://loterias.caixa.gov.br/InstitucionalTema/themes/static/js/jquery-1.9.1.min.js, line 2: Using //@ to indicate sourceMappingURL pragmas is deprecated. Use //# instead
JavaScript warning: http://loterias.caixa.gov.br/InstitucionalTema/themes/static/js/rybena-1.0.js, line 0: Successfully compiled asm.js code (total compilation time 136ms)
1617195746768	Marionette	INFO	Stopped listening on port 51348

###!!! [Child][RunMessage] Error: Channel closing: too late to send/recv, messages will be lost

1617196122160	geckodriver	INFO	Listening on 127.0.0.1:51539
1617196125171	mozrunner::runner	INFO	Running command: "C:\\Program Files\\Mozilla Firefox\\firefox.exe" "--marionette" "-foreground" "-no-remote" "-profile" "C:\\Users\\jpfla\\AppData\\Local\\Temp\\rust_mozprofilev0tEvk"
console.warn: SearchSettings: "get: No settings file exists, new profile?" (new Error("", "(unknown module)"))
1617196131402	Marionette	INFO	Listening on port 51547
1617196131531	Marionette	WARN	TLS certificate errors will be ignored for this session
JavaScript warning: http://loterias.caixa.gov.br/InstitucionalTema/themes/static/js/jquery-1.9.1.min.js, line 2: Using //@ to indicate sourceMappingURL pragmas is deprecated. Use //# instead
JavaScript warning: http://loterias.caixa.gov.br/InstitucionalTema/themes/static/js/rybena-1.0.js, line 0: Successfully compiled asm.js code (total compilation time 198ms)
1617196146431	Marionette	INFO	Stopped listening on port 51547

###!!! [Child][RunMessage] Error: Channel closing: too late to send/recv, messages will be lost

1617196203996	geckodriver	INFO	Listening on 127.0.0.1:51656
1617196207006	mozrunner::runner	INFO	Running command: "C:\\Program Files\\Mozilla Firefox\\firefox.exe" "--marionette" "-foreground" "-no-remote" "-profile" "C:\\Users\\jpfla\\AppData\\Local\\Temp\\rust_mozprofileoTcGA4"
console.warn: SearchSettings: "get: No settings file exists, new profile?" (new Error("", "(unknown module)"))
1617196213341	Marionette	INFO	Listening on port 51664
1617196213859	Marionette	WARN	TLS certificate errors will be ignored for this session
JavaScript warning: http://loterias.caixa.gov.br/InstitucionalTema/themes/static/js/jquery-1.9.1.min.js, line 2: Using //@ to indicate sourceMappingURL pragmas is deprecated. Use //# instead
JavaScript warning: http://loterias.caixa.gov.br/InstitucionalTema/themes/static/js/rybena-1.0.js, line 0: Successfully compiled asm.js code (total compilation time 133ms)
1617196226998	Marionette	INFO	Stopped listening on port 51664
[Parent 14068, IPC I/O Parent] WARNING: file /builds/worker/checkouts/gecko/ipc/chromium/src/base/process_util_win.cc:167

###!!! [Child][RunMessage] Error: Channel closing: too late to send/recv, messages will be lost

1617196246982	geckodriver	INFO	Listening on 127.0.0.1:51740
1617196249995	mozrunner::runner	INFO	Running command: "C:\\Program Files\\Mozilla Firefox\\firefox.exe" "--marionette" "-foreground" "-no-remote" "-profile" "C:\\Users\\jpfla\\AppData\\Local\\Temp\\rust_mozprofileYzVIHX"
console.warn: SearchSettings: "get: No settings file exists, new profile?" (new Error("", "(unknown module)"))
1617196256093	Marionette	INFO	Listening on port 51748
1617196256259	Marionette	WARN	TLS certificate errors will be ignored for this session
JavaScript warning: http://loterias.caixa.gov.br/InstitucionalTema/themes/static/js/jquery-1.9.1.min.js, line 2: Using //@ to indicate sourceMappingURL pragmas is deprecated. Use //# instead
JavaScript warning: http://loterias.caixa.gov.br/InstitucionalTema/themes/static/js/rybena-1.0.js, line 0: Successfully compiled asm.js code (total compilation time 118ms)
1617196370970	Marionette	INFO	Stopped listening on port 51748

###!!! [Child][RunMessage] Error: Channel closing: too late to send/recv, messages will be lost

1617199295985	geckodriver	INFO	Listening on 127.0.0.1:52469
1617199299050	mozrunner::runner	INFO	Running command: "C:\\Program Files\\Mozilla Firefox\\firefox.exe" "--marionette" "-foreground" "-no-remote" "-profile" "C:\\Users\\jpfla\\AppData\\Local\\Temp\\rust_mozprofileVFg24P"
console.warn: SearchSettings: "get: No settings file exists, new profile?" (new Error("", "(unknown module)"))
1617199315189	Marionette	INFO	Listening on port 52477
1617199315977	Marionette	WARN	TLS certificate errors will be ignored for this session
JavaScript warning: http://loterias.caixa.gov.br/InstitucionalTema/themes/static/js/jquery-1.9.1.min.js, line 2: Using //@ to indicate sourceMappingURL pragmas is deprecated. Use //# instead
JavaScript warning: http://loterias.caixa.gov.br/InstitucionalTema/themes/static/js/rybena-1.0.js, line 0: Successfully compiled asm.js code (total compilation time 165ms)
1617199331547	Marionette	INFO	Stopped listening on port 52477

###!!! [Child][RunMessage] Error: Channel closing: too late to send/recv, messages will be lost

1617199364034	geckodriver	INFO	Listening on 127.0.0.1:52570
1617199366958	mozrunner::runner	INFO	Running command: "C:\\Program Files\\Mozilla Firefox\\firefox.exe" "--marionette" "-foreground" "-no-remote" "-profile" "C:\\Users\\jpfla\\AppData\\Local\\Temp\\rust_mozprofilehSVYR2"
console.warn: SearchSettings: "get: No settings file exists, new profile?" (new Error("", "(unknown module)"))
1617199373021	Marionette	INFO	Listening on port 52582
1617199373208	Marionette	WARN	TLS certificate errors will be ignored for this session
JavaScript warning: http://loterias.caixa.gov.br/InstitucionalTema/themes/static/js/jquery-1.9.1.min.js, line 2: Using //@ to indicate sourceMappingURL pragmas is deprecated. Use //# instead
JavaScript warning: http://loterias.caixa.gov.br/InstitucionalTema/themes/static/js/rybena-1.0.js, line 0: Successfully compiled asm.js code (total compilation time 119ms)
1617199387525	Marionette	INFO	Stopped listening on port 52582

###!!! [Child][RunMessage] Error: Channel closing: too late to send/recv, messages will be lost

1617199426841	geckodriver	INFO	Listening on 127.0.0.1:52661
1617199429815	mozrunner::runner	INFO	Running command: "C:\\Program Files\\Mozilla Firefox\\firefox.exe" "--marionette" "-foreground" "-no-remote" "-profile" "C:\\Users\\jpfla\\AppData\\Local\\Temp\\rust_mozprofileqgjlyp"
console.warn: SearchSettings: "get: No settings file exists, new profile?" (new Error("", "(unknown module)"))
1617199434731	Marionette	INFO	Listening on port 52669
1617199435112	Marionette	WARN	TLS certificate errors will be ignored for this session
JavaScript warning: http://loterias.caixa.gov.br/InstitucionalTema/themes/static/js/jquery-1.9.1.min.js, line 2: Using //@ to indicate sourceMappingURL pragmas is deprecated. Use //# instead
JavaScript warning: http://loterias.caixa.gov.br/InstitucionalTema/themes/static/js/rybena-1.0.js, line 0: Successfully compiled asm.js code (total compilation time 105ms)
1617199449234	Marionette	INFO	Stopped listening on port 52669

###!!! [Child][RunMessage] Error: Channel closing: too late to send/recv, messages will be lost

1617199519508	geckodriver	INFO	Listening on 127.0.0.1:52746
1617199522425	mozrunner::runner	INFO	Running command: "C:\\Program Files\\Mozilla Firefox\\firefox.exe" "--marionette" "-foreground" "-no-remote" "-profile" "C:\\Users\\jpfla\\AppData\\Local\\Temp\\rust_mozprofileOepRlN"
console.warn: SearchSettings: "get: No settings file exists, new profile?" (new Error("", "(unknown module)"))
1617199527089	Marionette	INFO	Listening on port 52754
1617199527170	Marionette	WARN	TLS certificate errors will be ignored for this session
JavaScript warning: http://loterias.caixa.gov.br/InstitucionalTema/themes/static/js/jquery-1.9.1.min.js, line 2: Using //@ to indicate sourceMappingURL pragmas is deprecated. Use //# instead
JavaScript warning: http://loterias.caixa.gov.br/InstitucionalTema/themes/static/js/rybena-1.0.js, line 0: Successfully compiled asm.js code (total compilation time 129ms)
1617199539715	Marionette	INFO	Stopped listening on port 52754

###!!! [Child][RunMessage] Error: Channel closing: too late to send/recv, messages will be lost

1617199562760	geckodriver	INFO	Listening on 127.0.0.1:52837
1617199565787	mozrunner::runner	INFO	Running command: "C:\\Program Files\\Mozilla Firefox\\firefox.exe" "--marionette" "-foreground" "-no-remote" "-profile" "C:\\Users\\jpfla\\AppData\\Local\\Temp\\rust_mozprofilepI5xKD"
console.warn: SearchSettings: "get: No settings file exists, new profile?" (new Error("", "(unknown module)"))
1617199570876	Marionette	INFO	Listening on port 52845
1617199571035	Marionette	WARN	TLS certificate errors will be ignored for this session
JavaScript warning: http://loterias.caixa.gov.br/InstitucionalTema/themes/static/js/jquery-1.9.1.min.js, line 2: Using //@ to indicate sourceMappingURL pragmas is deprecated. Use //# instead
JavaScript warning: http://loterias.caixa.gov.br/InstitucionalTema/themes/static/js/rybena-1.0.js, line 0: Successfully compiled asm.js code (total compilation time 125ms)
1617199680426	Marionette	INFO	Stopped listening on port 52845

###!!! [Child][RunMessage] Error: Channel closing: too late to send/recv, messages will be lost

1617200117083	geckodriver	INFO	Listening on 127.0.0.1:53002
1617200120056	mozrunner::runner	INFO	Running command: "C:\\Program Files\\Mozilla Firefox\\firefox.exe" "--marionette" "-foreground" "-no-remote" "-profile" "C:\\Users\\jpfla\\AppData\\Local\\Temp\\rust_mozprofileWwGDMC"
console.warn: SearchSettings: "get: No settings file exists, new profile?" (new Error("", "(unknown module)"))
1617200125210	Marionette	INFO	Listening on port 53010
1617200125299	Marionette	WARN	TLS certificate errors will be ignored for this session
JavaScript warning: http://loterias.caixa.gov.br/InstitucionalTema/themes/static/js/jquery-1.9.1.min.js, line 2: Using //@ to indicate sourceMappingURL pragmas is deprecated. Use //# instead
JavaScript warning: http://loterias.caixa.gov.br/InstitucionalTema/themes/static/js/rybena-1.0.js, line 0: Successfully compiled asm.js code (total compilation time 117ms)
1617200138010	Marionette	INFO	Stopped listening on port 53010
1617200169934	geckodriver	INFO	Listening on 127.0.0.1:53086
1617200172924	mozrunner::runner	INFO	Running command: "C:\\Program Files\\Mozilla Firefox\\firefox.exe" "--marionette" "-foreground" "-no-remote" "-profile" "C:\\Users\\jpfla\\AppData\\Local\\Temp\\rust_mozprofileJZokej"
console.warn: SearchSettings: "get: No settings file exists, new profile?" (new Error("", "(unknown module)"))
1617200178133	Marionette	INFO	Listening on port 53094
1617200178203	Marionette	WARN	TLS certificate errors will be ignored for this session
JavaScript warning: http://loterias.caixa.gov.br/InstitucionalTema/themes/static/js/jquery-1.9.1.min.js, line 2: Using //@ to indicate sourceMappingURL pragmas is deprecated. Use //# instead
JavaScript warning: http://loterias.caixa.gov.br/InstitucionalTema/themes/static/js/rybena-1.0.js, line 0: Successfully compiled asm.js code (total compilation time 116ms)
console.log: WebExtensions: reset-default-search: No addons in our list are installed.
[Parent 10748, IPC I/O Parent] WARNING: file /builds/worker/checkouts/gecko/ipc/chromium/src/base/process_util_win.cc:167
1617200749567	Marionette	INFO	Stopped listening on port 53094

###!!! [Child][RunMessage] Error: Channel closing: too late to send/recv, messages will be lost

known module)"))
1617200259643	Marionette	INFO	Listening on port 53180
1617200260035	Marionette	WARN	TLS certificate errors will be ignored for this session
JavaScript warning: http://loterias.caixa.gov.br/InstitucionalTema/themes/static/js/jquery-1.9.1.min.js, line 2: Using //@ to indicate sourceMappingURL pragmas is deprecated. Use //# instead
JavaScript warning: http://loterias.caixa.gov.br/InstitucionalTema/themes/static/js/rybena-1.0.js, line 0: Successfully compiled asm.js code (total compilation time 153ms)
1617200743858	Marionette	INFO	Stopped listening on port 53181617200743981	mozrunner::runner	INFO	Running command: "C:\\Program Files\\Mozilla Firefox\\firefox.exe" "--marionette" "-foreground" "-no-remote" "-profile" "C:\\Users\\jpfla\\AppData\\Local\\Temp\\rust_mozprofileLV6aXB"
1617200752687	geckodriver	INFO	Listening on 127.0.0.1:53422
1617200755708	mozrunner::runner	INFO	Running command: "C:\\Program Files\\Mozilla Firefox\\firefox.exe" "--marionette" "-foreground" "-no-remote" "-profile" "C:\\Users\\jpfla\\AppData\\Local\\Temp\\rust_mozprofileQLFqr5"
console.warn: SearchSettings: "get: No settings file exists, new profile?" (new Error("", "(unknown module)"))
1617200760756	Marionette	INFO	Listening on port 53433
1617200760959	Marionette	WARN	TLS certificate errors will be ignored for this session
JavaScript warning: http://loterias.caixa.gov.br/InstitucionalTema/themes/static/js/jquery-1.9.1.min.js, line 2: Using //@ to indicate sourceMappingURL pragmas is deprecated. Use //# instead
JavaScript warning: http://loterias.caixa.gov.br/InstitucionalTema/themes/static/js/rybena-1.0.js, line 0: Successfully compiled asm.js code (total compilation time 105ms)
1617200773492	Marionette	INFO	Stopped listening on port 53433

###!!! [Child][RunMessage] Error: Channel closing: too late to send/recv, messages will be lost

1617200799063	geckodriver	INFO	Listening on 127.0.0.1:53510
1617200802072	mozrunner::runner	INFO	Running command: "C:\\Program Files\\Mozilla Firefox\\firefox.exe" "--marionette" "-foreground" "-no-remote" "-profile" "C:\\Users\\jpfla\\AppData\\Local\\Temp\\rust_mozprofileJE9jpg"
console.warn: SearchSettings: "get: No settings file exists, new profile?" (new Error("", "(unknown module)"))
1617200807072	Marionette	INFO	Listening on port 53518
1617200807315	Marionette	WARN	TLS certificate errors will be ignored for this session
JavaScript warning: http://loterias.caixa.gov.br/InstitucionalTema/themes/static/js/jquery-1.9.1.min.js, line 2: Using //@ to indicate sourceMappingURL pragmas is deprecated. Use //# instead
JavaScript warning: http://loterias.caixa.gov.br/InstitucionalTema/themes/static/js/rybena-1.0.js, line 0: Successfully compiled asm.js code (total compilation time 121ms)
1617200877423	geckodriver	INFO	Listening on 127.0.0.1:53593
1617200880435	mozrunner::runner	INFO	Running command: "C:\\Program Files\\Mozilla Firefox\\firefox.exe" "--marionette" "-foreground" "-no-remote" "-profile" "C:\\Users\\jpfla\\AppData\\Local\\Temp\\rust_mozprofileqIq6PD"
console.warn: SearchSettings: "get: No settings file exists, new profile?" (new Error("", "(unknown module)"))
1617200885559	Marionette	INFO	Listening on port 53601
1617200885693	Marionette	WARN	TLS certificate errors will be ignored for this session
JavaScript warning: http://loterias.caixa.gov.br/InstitucionalTema/themes/static/js/jquery-1.9.1.min.js, line 2: Using //@ to indicate sourceMappingURL pragmas is deprecated. Use //# instead
JavaScript warning: http://loterias.caixa.gov.br/InstitucionalTema/themes/static/js/rybena-1.0.js, line 0: Successfully compiled asm.js code (total compilation time 97ms)
1617200995205	Marionette	INFO	Stopped listening on port 53601

###!!! [Child][RunMessage] Error: Channel closing: too late to send/recv, messages will be lost

1617201221597	geckodriver	INFO	Listening on 127.0.0.1:53776
1617201224608	mozrunner::runner	INFO	Running command: "C:\\Program Files\\Mozilla Firefox\\firefox.exe" "--marionette" "-foreground" "-no-remote" "-profile" "C:\\Users\\jpfla\\AppData\\Local\\Temp\\rust_mozprofilehh2CM6"
console.warn: SearchSettings: "get: No settings file exists, new profile?" (new Error("", "(unknown module)"))
1617201229806	Marionette	INFO	Listening on port 53786
1617201229855	Marionette	WARN	TLS certificate errors will be ignored for this session
JavaScript warning: http://loterias.caixa.gov.br/InstitucionalTema/themes/static/js/jquery-1.9.1.min.js, line 2: Using //@ to indicate sourceMappingURL pragmas is deprecated. Use //# instead
JavaScript warning: http://loterias.caixa.gov.br/InstitucionalTema/themes/static/js/rybena-1.0.js, line 0: Successfully compiled asm.js code (total compilation time 115ms)
1617201339033	Marionette	INFO	Stopped listening on port 53786

###!!! [Child][RunMessage] Error: Channel closing: too late to send/recv, messages will be lost

1617202226246	geckodriver	INFO	Listening on 127.0.0.1:54024
1617202229257	mozrunner::runner	INFO	Running command: "C:\\Program Files\\Mozilla Firefox\\firefox.exe" "--marionette" "-foreground" "-no-remote" "-profile" "C:\\Users\\jpfla\\AppData\\Local\\Temp\\rust_mozprofileCNBQtE"
console.warn: SearchSettings: "get: No settings file exists, new profile?" (new Error("", "(unknown module)"))
1617202234493	Marionette	INFO	Listening on port 54032
1617202235003	Marionette	WARN	TLS certificate errors will be ignored for this session
JavaScript warning: http://loterias.caixa.gov.br/InstitucionalTema/themes/static/js/jquery-1.9.1.min.js, line 2: Using //@ to indicate sourceMappingURL pragmas is deprecated. Use //# instead
JavaScript warning: http://loterias.caixa.gov.br/InstitucionalTema/themes/static/js/rybena-1.0.js, line 0: Successfully compiled asm.js code (total compilation time 116ms)
1617202455309	Marionette	INFO	Stopped listening on port 54032

###!!! [Child][RunMessage] Error: Channel closing: too late to send/recv, messages will be lost

1617204037025	geckodriver	INFO	Listening on 127.0.0.1:54361
1617204040036	mozrunner::runner	INFO	Running command: "C:\\Program Files\\Mozilla Firefox\\firefox.exe" "--marionette" "-foreground" "-no-remote" "-profile" "C:\\Users\\jpfla\\AppData\\Local\\Temp\\rust_mozprofileeeOxBD"
console.warn: SearchSettings: "get: No settings file exists, new profile?" (new Error("", "(unknown module)"))
1617204045533	Marionette	INFO	Listening on port 54371
1617204045787	Marionette	WARN	TLS certificate errors will be ignored for this session
JavaScript warning: http://loterias.caixa.gov.br/InstitucionalTema/themes/static/js/jquery-1.9.1.min.js, line 2: Using //@ to indicate sourceMappingURL pragmas is deprecated. Use //# instead
JavaScript warning: http://loterias.caixa.gov.br/InstitucionalTema/themes/static/js/rybena-1.0.js, line 0: Successfully compiled asm.js code (total compilation time 120ms)
1617204105225	geckodriver	INFO	Listening on 127.0.0.1:54450
1617204108216	mozrunner::runner	INFO	Running command: "C:\\Program Files\\Mozilla Firefox\\firefox.exe" "--marionette" "-foreground" "-no-remote" "-profile" "C:\\Users\\jpfla\\AppData\\Local\\Temp\\rust_mozprofilen8zbxf"
console.warn: SearchSettings: "get: No settings file exists, new profile?" (new Error("", "(unknown module)"))
1617204117162	Marionette	INFO	Listening on port 54458
1617204117694	Marionette	WARN	TLS certificate errors will be ignored for this session
JavaScript warning: http://loterias.caixa.gov.br/InstitucionalTema/themes/static/js/jquery-1.9.1.min.js, line 2: Using //@ to indicate sourceMappingURL pragmas is deprecated. Use //# instead
JavaScript warning: http://loterias.caixa.gov.br/InstitucionalTema/themes/static/js/rybena-1.0.js, line 0: Successfully compiled asm.js code (total compilation time 126ms)
1617204334822	Marionette	INFO	Stopped listening on port 54458

###!!! [Child][RunMessage] Error: Channel closing: too late to send/recv, messages will be lost

1617205992482	geckodriver	INFO	Listening on 127.0.0.1:54800
1617205995462	mozrunner::runner	INFO	Running command: "C:\\Program Files\\Mozilla Firefox\\firefox.exe" "--marionette" "-foreground" "-no-remote" "-profile" "C:\\Users\\jpfla\\AppData\\Local\\Temp\\rust_mozprofile2P6J8d"
console.warn: SearchSettings: "get: No settings file exists, new profile?" (new Error("", "(unknown module)"))
1617206001055	Marionette	INFO	Listening on port 54808
1617206001210	Marionette	WARN	TLS certificate errors will be ignored for this session
JavaScript warning: http://loterias.caixa.gov.br/InstitucionalTema/themes/static/js/jquery-1.9.1.min.js, line 2: Using //@ to indicate sourceMappingURL pragmas is deprecated. Use //# instead
JavaScript warning: http://loterias.caixa.gov.br/InstitucionalTema/themes/static/js/rybena-1.0.js, line 0: Successfully compiled asm.js code (total compilation time 143ms)
1617206073527	geckodriver	INFO	Listening on 127.0.0.1:54889
1617206076542	mozrunner::runner	INFO	Running command: "C:\\Program Files\\Mozilla Firefox\\firefox.exe" "--marionette" "-foreground" "-no-remote" "-profile" "C:\\Users\\jpfla\\AppData\\Local\\Temp\\rust_mozprofilebne2rU"
console.warn: SearchSettings: "get: No settings file exists, new profile?" (new Error("", "(unknown module)"))
1617206081224	Marionette	INFO	Listening on port 54897
1617206081352	Marionette	WARN	TLS certificate errors will be ignored for this session
JavaScript warning: http://loterias.caixa.gov.br/InstitucionalTema/themes/static/js/jquery-1.9.1.min.js, line 2: Using //@ to indicate sourceMappingURL pragmas is deprecated. Use //# instead
JavaScript warning: http://loterias.caixa.gov.br/InstitucionalTema/themes/static/js/rybena-1.0.js, line 0: Successfully compiled asm.js code (total compilation time 108ms)
console.log: WebExtensions: reset-default-search: No addons in our list are installed.
1617208199002	Marionette	INFO	Stopped listening on port 54897
[Parent 7724, IPC I/O Parent] WARNING: file /builds/worker/checkouts/gecko/ipc/chromium/src/base/process_util_win.cc:167

###!!! [Child][RunMessage] Error: Channel closing: too late to send/recv, messages will be lost

1617979249717	geckodriver	INFO	Listening on 127.0.0.1:63783
1617979252685	mozrunner::runner	INFO	Running command: "C:\\Program Files\\Mozilla Firefox\\firefox.exe" "--marionette" "-foreground" "-no-remote" "-profile" "C:\\Users\\jpfla\\AppData\\Local\\Temp\\rust_mozprofileDX172b"
console.warn: SearchSettings: "get: No settings file exists, new profile?" (new Error("", "(unknown module)"))
1617979271937	Marionette	INFO	Listening on port 63791
1617979272624	Marionette	WARN	TLS certificate errors will be ignored for this session
JavaScript warning: http://loterias.caixa.gov.br/InstitucionalTema/themes/static/js/jquery-1.9.1.min.js, line 2: Using //@ to indicate sourceMappingURL pragmas is deprecated. Use //# instead
JavaScript warning: http://loterias.caixa.gov.br/InstitucionalTema/themes/static/js/rybena-1.0.js, line 0: Successfully compiled asm.js code (total compilation time 125ms)
console.log: WebExtensions: reset-default-search: No addons in our list are installed.
1617984195939	Marionette	INFO	Stopped listening on port 63791
[Parent 15688, IPC I/O Parent] WARNING: file /builds/worker/checkouts/gecko/ipc/chromium/src/base/process_util_win.cc:167

###!!! [Child][RunMessage] Error: Channel closing: too late to send/recv, messages will be lost

1623882884639	geckodriver	INFO	Listening on 127.0.0.1:57504
1623882888183	mozrunner::runner	INFO	Running command: "C:\\Program Files\\Mozilla Firefox\\firefox.exe" "--marionette" "-foreground" "-no-remote" "-profile" "C:\\Users\\jpfla\\AppData\\Local\\Temp\\rust_mozprofileEPyQ6s"
1623882907917	Marionette	INFO	Marionette enabled
console.warn: SearchSettings: "get: No settings file exists, new profile?" (new Error("", "(unknown module)"))
console.error: Region.jsm: "Error fetching region" (new Error("TIMEOUT", "resource://gre/modules/Region.jsm", 772))
console.error: Region.jsm: "Failed to fetch region" (new Error("TIMEOUT", "resource://gre/modules/Region.jsm", 419))
1623882963515	Marionette	INFO	Listening on port 57514
[Parent 6432, IPC I/O Parent] WARNING: file /builds/worker/checkouts/gecko/ipc/chromium/src/base/process_util_win.cc:167
[Parent 6432, IPC I/O Parent] WARNING: file /builds/worker/checkouts/gecko/ipc/chromium/src/base/process_util_win.cc:167
1623883023523	Marionette	INFO	Stopped listening on port 57514

###!!! [Child][RunMessage] Error: Channel closing: too lat1623883028662	mozrunner::runner	INFO	Running command: "C:\\Program Files\\Mozilla Firefox\\firefox.exe" "--marionette" "-foreground" "-no-remote" "-profile" "C:\\Users\\jpfla\\AppData\\Local\\Temp\\rust_mozprofileKKvF47"
1623883030229	Marionette	INFO	Marionette enabled
console.warn: SearchSettings: "get: No settings file exists, new profile?" (new Error("", "(unknown module)"))
console.error: Region.jsm: "Error fetching region" (new Error("TIMEOUT", "resource://gre/modules/Region.jsm", 772))
console.error: Region.jsm: "Failed to fetch region" (new Error("TIMEOUT", "resource://gre/modules/Region.jsm", 419))
1623883044317	Marionette	INFO	Listening on port 57664
1623883044679	Marionette	WARN	TLS certificate errors will be ignored for this session
JavaScript warning: http://loterias.caixa.gov.br/InstitucionalTema/themes/static/js/jquery-1.9.1.min.js, line 2: Using //@ to indicate sourceMappingURL pragmas is deprecated. Use //# instead
JavaScript warning: http://loterias.caixa.gov.br/InstitucionalTema/themes/static/js/rybena-1.0.js, line 0: Successfully compiled asm.js code (total compilation time 1502ms)
1623883079032	Marionette	INFO	Stopped listening on port 57664
1627839473432	geckodriver	INFO	Listening on 127.0.0.1:57809
1627839476474	mozrunner::runner	INFO	Running command: "C:\\Program Files\\Mozilla Firefox\\firefox.exe" "--marionette" "-foreground" "-no-remote" "-profile" "C:\\Users\\jpfla\\AppData\\Local\\Temp\\rust_mozprofileEQMxxD"
1627839482472	Marionette	INFO	Marionette enabled
console.warn: SearchSettings: "get: No settings file exists, new profile?" (new NotFoundError("Could not open the file at C:\\Users\\jpfla\\AppData\\Local\\Temp\\rust_mozprofileEQMxxD\\search.json.mozlz4", (void 0)))
1627839504395	Marionette	INFO	Listening on port 57817
1627839505426	Marionette	WARN	TLS certificate errors will be ignored for this session
JavaScript warning: http://loterias.caixa.gov.br/InstitucionalTema/themes/static/js/jquery-1.9.1.min.js, line 2: Using //@ to indicate sourceMappingURL pragmas is deprecated. Use //# instead
JavaScript warning: http://loterias.caixa.gov.br/InstitucionalTema/themes/static/js/rybena-1.0.js, line 0: Successfully compiled asm.js code (total compilation time 498ms)
1627839628044	Marionette	INFO	Stopped listening on port 57817
7839611774	mozrunner::runner	INFO	Running command: "C:\\Program Files\\Mozilla Firefox\\firefox.exe" "--marionette" "-foreground" "-no-remote" "-profile" "C:\\Users\\jpfla\\AppData\\Local\\Temp\\rust_mozprofiletXW6dm"
1627839614272	Marionette	INFO	Marionette enabled
console.warn: SearchSettings: "get: No settings file exists, new profile?" (new NotFoundError("Could not open the file at C:\\Users\\jpfla\\AppData\\Local\\Temp\\rust_mozprofiletXW6dm\\search.json.mozlz4", (void 0)))
1627839618628	Marionette	INFO	Listening on port 62483
1627839619678	Marionette	WARN	TLS certificate errors will be ignored for this session
JavaScript warning: http://loterias.caixa.gov.br/InstitucionalTema/themes/static/js/jquery-1.9.1.min.js, line 2: Using //@ to indicate sourceMappingURL pragmas is deprecated. Use //# instead
JavaScript warning: http://loterias.caixa.gov.br/InstitucionalTema/themes/static/js/rybena-1.0.js, line 0: Successfully compiled asm.js code (total compilation time 100ms)
console.log: WebExtensions: reset-default-search: starting.
console.log: WebExtensions: reset-default-search: No addons in our list are installed.
1627841943864	Marionette	INFO	Stopped listening on port 62483

###!!! [Child][RunMessage] Error: Channel closing: too late to send/recv, messages will be lost

1627863298100	geckodriver	INFO	Listening on 127.0.0.1:64859
1627863301580	mozrunner::runner	INFO	Running command: "C:\\Program Files\\Mozilla Firefox\\firefox.exe" "--marionette" "-foreground" "-no-remote" "-profile" "C:\\Users\\jpfla\\AppData\\Local\\Temp\\rust_mozprofileEYjsT3"
1627863312163	Marionette	INFO	Marionette enabled
[Parent 2192, IPC I/O Parent] WARNING: file /builds/worker/checkouts/gecko/ipc/chromium/src/base/process_util_win.cc:167
console.warn: SearchSettings: "get: No settings file exists, new profile?" (new NotFoundError("Could not open the file at C:\\Users\\jpfla\\AppData\\Local\\Temp\\rust_mozprofileEYjsT3\\search.json.mozlz4", (void 0)))
console.error: Region.jsm: "Error fetching region" (new AbortError("The operation was aborted. ", (void 0), 770))
console.error: Region.jsm: "Failed to fetch region" (new Error("NO_RESULT", "resource://gre/modules/Region.jsm", 419))
1627863341142	Marionette	INFO	Listening on port 64867
1627863341962	Marionette	WARN	TLS certificate errors will be ignored for this session
JavaScript warning: http://loterias.caixa.gov.br/InstitucionalTema/themes/static/js/jquery-1.9.1.min.js, line 2: Using //@ to indicate sourceMappingURL pragmas is deprecated. Use //# instead
JavaScript warning: http://loterias.caixa.gov.br/InstitucionalTema/themes/static/js/rybena-1.0.js, line 0: Successfully compiled asm.js code (total compilation time 292ms)
console.log: WebExtensions: reset-default-search: starting.
console.log: WebExtensions: reset-default-search: No addons in our list are installed.
1627868336767	Marionette	INFO	Stopped listening on port 64867
1628616665523	geckodriver	INFO	Listening on 127.0.0.1:60624
1628616668649	mozrunner::runner	INFO	Running command: "C:\\Program Files\\Mozilla Firefox\\firefox.exe" "--marionette" "-foreground" "-no-remote" "-profile" "C:\\Users\\jpfla\\AppData\\Local\\Temp\\rust_mozprofileIzKriw"
1628616675573	Marionette	INFO	Marionette enabled
console.warn: SearchSettings: "get: No settings file exists, new profile?" (new NotFoundError("Could not open the file at C:\\Users\\jpfla\\AppData\\Local\\Temp\\rust_mozprofileIzKriw\\search.json.mozlz4", (void 0)))
1628616696874	Marionette	INFO	Listening on port 60632
1628616697384	Marionette	WARN	TLS certificate errors will be ignored for this session
JavaScript warning: http://loterias.caixa.gov.br/InstitucionalTema/themes/static/js/jquery-1.9.1.min.js, line 2: Using //@ to indicate sourceMappingURL pragmas is deprecated. Use //# instead
JavaScript warning: http://loterias.caixa.gov.br/InstitucionalTema/themes/static/js/rybena-1.0.js, line 0: Successfully compiled asm.js code (total compilation time 242ms)
1628616711650	Marionette	INFO	Stopped listening on port 60632
[Child 5384, IPC I/O Child] WARNING: pipe error: 232: file /builds/worker/checkouts/gecko/ipc/chromium/src/chrome/common/ipc_channel_win.cc:544
[Parent 7992, IPC I/O Parent] WARNING: file /builds/worker/checkouts/gecko/ipc/chromium/src/base/process_util_win.cc:167

###!!! [Child][RunMessage] Error: Channel closing: too late to send/recv, messages will be lost

1628619369839	geckodriver	INFO	Listening on 127.0.0.1:60223
1628619372923	mozrunner::runner	INFO	Running command: "C:\\Program Files\\Mozilla Firefox\\firefox.exe" "--marionette" "-foreground" "-no-remote" "-profile" "C:\\Users\\jpfla\\AppData\\Local\\Temp\\rust_mozprofileUgdx7p"
1628619374541	Marionette	INFO	Marionette enabled
console.warn: SearchSettings: "get: No settings file exists, new profile?" (new NotFoundError("Could not open the file at C:\\Users\\jpfla\\AppData\\Local\\Temp\\rust_mozprofileUgdx7p\\search.json.mozlz4", (void 0)))
1628619379084	Marionette	INFO	Listening on port 60231
1628619380049	Marionette	WARN	TLS certificate errors will be ignored for this session
JavaScript warning: http://loterias.caixa.gov.br/InstitucionalTema/themes/static/js/jquery-1.9.1.min.js, line 2: Using //@ to indicate sourceMappingURL pragmas is deprecated. Use //# instead
JavaScript warning: http://loterias.caixa.gov.br/InstitucionalTema/themes/static/js/rybena-1.0.js, line 0: Successfully compiled asm.js code (total compilation time 66ms)
console.error: services.settings: 
  Message: TypeError: NetworkError when attempting to fetch resource.
1628619766668	Marionette	INFO	Stopped listening on port 60231

###!!! [Child][RunMessage] Error: Channel closing: too late to send/recv, messages will be lost

leBfZHjv"
1628619670295	Marionette	INFO	Marionette enabled
console.warn: SearchSettings: "get: No settings file exists, new profile?" (new NotFoundError("Could not open the file at C:\\Users\\jpfla\\AppData\\Local\\Temp\\rust_mozprofileBfZHjv\\search.json.mozlz4", (void 0)))
1628619674578	Marionette	INFO	Listening on port 60346
1628619674848	Marionette	WARN	TLS certificate errors will be ignored for this session
JavaScript warning: http://loterias.caixa.gov.br/InstitucionalTema/themes/static/js/jquery-1.9.1.min.js, line 2: Using //@ to indicate sourceMappingURL pragmas is deprecated. Use //# instead
JavaScript warning: http://loterias.caixa.gov.br/InstitucionalTema/themes/static/js/rybena-1.0.js, line 0: Successfully compiled asm.js code (total compilation time 67ms)
1628619690417	Marionette	INFO	Stopped listening on port 60346
1628625417715	geckodriver	INFO	Listening on 127.0.0.1:60448
1628625421047	mozrunner::runner	INFO	Running command: "C:\\Program Files\\Mozilla Firefox\\firefox.exe" "--marionette" "-foreground" "-no-remote" "-profile" "C:\\Users\\jpfla\\AppData\\Local\\Temp\\rust_mozprofilecQIsMV"
1628625428889	Marionette	INFO	Marionette enabled
console.warn: SearchSettings: "get: No settings file exists, new profile?" (new NotFoundError("Could not open the file at C:\\Users\\jpfla\\AppData\\Local\\Temp\\rust_mozprofilecQIsMV\\search.json.mozlz4", (void 0)))
1628625451628	Marionette	INFO	Listening on port 62380
1628625452104	Marionette	WARN	TLS certificate errors will be ignored for this session
JavaScript warning: http://loterias.caixa.gov.br/InstitucionalTema/themes/static/js/jquery-1.9.1.min.js, line 2: Using //@ to indicate sourceMappingURL pragmas is deprecated. Use //# instead
JavaScript warning: http://loterias.caixa.gov.br/InstitucionalTema/themes/static/js/rybena-1.0.js, line 0: Successfully compiled asm.js code (total compilation time 256ms)
1628625461645	Marionette	INFO	Stopped listening on port 62380

###!!! [Child][RunMessage] Error: Channel closing: too late to send/recv, messages will be lost

1628626362877	geckodriver	INFO	Listening on 127.0.0.1:65086
1628626365938	mozrunner::runner	INFO	Running command: "C:\\Program Files\\Mozilla Firefox\\firefox.exe" "--marionette" "-foreground" "-no-remote" "-profile" "C:\\Users\\jpfla\\AppData\\Local\\Temp\\rust_mozprofileylHklj"
1628626366886	Marionette	INFO	Marionette enabled
console.warn: SearchSettings: "get: No settings file exists, new profile?" (new NotFoundError("Could not open the file at C:\\Users\\jpfla\\AppData\\Local\\Temp\\rust_mozprofileylHklj\\search.json.mozlz4", (void 0)))
1628626371448	Marionette	INFO	Listening on port 58239
1628626372476	Marionette	WARN	TLS certificate errors will be ignored for this session
JavaScript warning: http://loterias.caixa.gov.br/InstitucionalTema/themes/static/js/jquery-1.9.1.min.js, line 2: Using //@ to indicate sourceMappingURL pragmas is deprecated. Use //# instead
JavaScript warning: http://loterias.caixa.gov.br/InstitucionalTema/themes/static/js/rybena-1.0.js, line 0: Successfully compiled asm.js code (total compilation time 81ms)
1628626597488	Marionette	INFO	Stopped listening on port 58239
1628648293190	geckodriver	INFO	Listening on 127.0.0.1:53854
1628648296290	mozrunner::runner	INFO	Running command: "C:\\Program Files\\Mozilla Firefox\\firefox.exe" "--marionette" "-foreground" "-no-remote" "-profile" "C:\\Users\\jpfla\\AppData\\Local\\Temp\\rust_mozprofile6hqQ53"
1628648310690	Marionette	INFO	Marionette enabled
console.warn: SearchSettings: "get: No settings file exists, new profile?" (new NotFoundError("Could not open the file at C:\\Users\\jpfla\\AppData\\Local\\Temp\\rust_mozprofile6hqQ53\\search.json.mozlz4", (void 0)))
1628648334513	Marionette	INFO	Listening on port 53862
1628648335635	Marionette	WARN	TLS certificate errors will be ignored for this session
JavaScript warning: http://loterias.caixa.gov.br/InstitucionalTema/themes/static/js/jquery-1.9.1.min.js, line 2: Using //@ to indicate sourceMappingURL pragmas is deprecated. Use //# instead
JavaScript warning: http://loterias.caixa.gov.br/InstitucionalTema/themes/static/js/rybena-1.0.js, line 0: Successfully compiled asm.js code (total compilation time 585ms)
1628648352652	Marionette	INFO	Stopped listening on port 53862

###!!! [Child][RunMessage] Error: Channel closing: too late to send/recv, messages will be lost

1628648417582	geckodriver	INFO	Listening on 127.0.0.1:53956
1628648420622	mozrunner::runner	INFO	Running command: "C:\\Program Files\\Mozilla Firefox\\firefox.exe" "--marionette" "-foreground" "-no-remote" "-profile" "C:\\Users\\jpfla\\AppData\\Local\\Temp\\rust_mozprofileCfwTN5"
1628648422158	Marionette	INFO	Marionette enabled
console.warn: SearchSettings: "get: No settings file exists, new profile?" (new NotFoundError("Could not open the file at C:\\Users\\jpfla\\AppData\\Local\\Temp\\rust_mozprofileCfwTN5\\search.json.mozlz4", (void 0)))
1628648427574	Marionette	INFO	Listening on port 53964
1628648428330	Marionette	WARN	TLS certificate errors will be ignored for this session
JavaScript warning: http://loterias.caixa.gov.br/InstitucionalTema/themes/static/js/jquery-1.9.1.min.js, line 2: Using //@ to indicate sourceMappingURL pragmas is deprecated. Use //# instead
JavaScript warning: http://loterias.caixa.gov.br/InstitucionalTema/themes/static/js/rybena-1.0.js, line 0: Successfully compiled asm.js code (total compilation time 76ms)
console.log: WebExtensions: reset-default-search: starting.
console.log: WebExtensions: reset-default-search: No addons in our list are installed.
1628650467723	Marionette	INFO	Stopped listening on port 53964

###!!! [Child][RunMessage] Error: Channel closing: too late to send/recv, messages will be lost

1628782750766	geckodriver	INFO	Listening on 127.0.0.1:52999
1628782753979	mozrunner::runner	INFO	Running command: "C:\\Program Files\\Mozilla Firefox\\firefox.exe" "--marionette" "-foreground" "-no-remote" "-profile" "C:\\Users\\jpfla\\AppData\\Local\\Temp\\rust_mozprofilewXOH19"
1628782769010	Marionette	INFO	Marionette enabled
[Parent 13528, IPC I/O Parent] WARNING: file /builds/worker/checkouts/gecko/ipc/chromium/src/base/process_util_win.cc:167
console.warn: SearchSettings: "get: No settings file exists, new profile?" (new NotFoundError("Could not open the file at C:\\Users\\jpfla\\AppData\\Local\\Temp\\rust_mozprofilewXOH19\\search.json.mozlz4", (void 0)))
console.error: Region.jsm: "Error fetching region" (new AbortError("The operation was aborted. ", (void 0), 770))
console.error: Region.jsm: "Failed to fetch region" (new Error("NO_RESULT", "resource://gre/modules/Region.jsm", 419))
1628782799712	Marionette	INFO	Listening on port 53007
1628782800214	Marionette	WARN	TLS certificate errors will be ignored for this session
JavaScript warning: http://loterias.caixa.gov.br/InstitucionalTema/themes/static/js/jquery-1.9.1.min.js, line 2: Using //@ to indicate sourceMappingURL pragmas is deprecated. Use //# instead
JavaScript warning: http://loterias.caixa.gov.br/InstitucionalTema/themes/static/js/rybena-1.0.js, line 0: Successfully compiled asm.js code (total compilation time 739ms)
console.log: WebExtensions: reset-default-search: starting.
console.log: WebExtensions: reset-default-search: No addons in our list are installed.
1628787817873	Marionette	INFO	Stopped listening on port 53007
1628882579963	geckodriver	INFO	Listening on 127.0.0.1:53956
1628882583053	mozrunner::runner	INFO	Running command: "C:\\Program Files\\Mozilla Firefox\\firefox.exe" "--marionette" "-foreground" "-no-remote" "-profile" "C:\\Users\\jpfla\\AppData\\Local\\Temp\\rust_mozprofileHmuAqO"
1628882590026	Marionette	INFO	Marionette enabled
[Parent 10972, IPC I/O Parent] WARNING: file /builds/worker/checkouts/gecko/ipc/chromium/src/base/process_util_win.cc:167
console.warn: SearchSettings: "get: No settings file exists, new profile?" (new NotFoundError("Could not open the file at C:\\Users\\jpfla\\AppData\\Local\\Temp\\rust_mozprofileHmuAqO\\search.json.mozlz4", (void 0)))
1628882615150	Marionette	INFO	Listening on port 53964
1628882615687	Marionette	WARN	TLS certificate errors will be ignored for this session
JavaScript warning: http://loterias.caixa.gov.br/InstitucionalTema/themes/static/js/jquery-1.9.1.min.js, line 2: Using //@ to indicate sourceMappingURL pragmas is deprecated. Use //# instead
JavaScript warning: http://loterias.caixa.gov.br/InstitucionalTema/themes/static/js/rybena-1.0.js, line 0: Successfully compiled asm.js code (total compilation time 426ms)
1628882666483	Marionette	INFO	Stopped listening on port 53964
[Parent 10972, IPC I/O Parent] WARNING: file /builds/worker/checkouts/gecko/ipc/chromium/src/base/process_util_win.cc:167

###!!! [Child][RunMessage] Error: Channel closing: too late to send/recv, messages will be lost

1628882736106	geckodriver	INFO	Listening on 127.0.0.1:54072
1628882739137	mozrunner::runner	INFO	Running command: "C:\\Program Files\\Mozilla Firefox\\firefox.exe" "--marionette" "-foreground" "-no-remote" "-profile" "C:\\Users\\jpfla\\AppData\\Local\\Temp\\rust_mozprofile32Ia3J"
1628882741965	Marionette	INFO	Marionette enabled
console.warn: SearchSettings: "get: No settings file exists, new profile?" (new NotFoundError("Could not open the file at C:\\Users\\jpfla\\AppData\\Local\\Temp\\rust_mozprofile32Ia3J\\search.json.mozlz4", (void 0)))
1628882746220	Marionette	INFO	Listening on port 54082
1628882747836	Marionette	WARN	TLS certificate errors will be ignored for this session
JavaScript warning: http://loterias.caixa.gov.br/InstitucionalTema/themes/static/js/jquery-1.9.1.min.js, line 2: Using //@ to indicate sourceMappingURL pragmas is deprecated. Use //# instead
JavaScript warning: http://loterias.caixa.gov.br/InstitucionalTema/themes/static/js/rybena-1.0.js, line 0: Successfully compiled asm.js code (total compilation time 81ms)
1628882757053	Marionette	INFO	Stopped listening on port 54082

###!!! [Child][RunMessage] Error: Channel closing: too late to send/recv, messages will be lost

1630613988252	geckodriver	INFO	Listening on 127.0.0.1:56773
1630613990987	mozrunner::runner	INFO	Running command: "C:\\Program Files\\Mozilla Firefox\\firefox.exe" "--marionette" "-foreground" "-no-remote" "-profile" "C:\\Users\\jpfla\\AppData\\Local\\Temp\\rust_mozprofilelWmJaf"
1630614016770	Marionette	INFO	Marionette enabled
console.warn: SearchSettings: "get: No settings file exists, new profile?" (new NotFoundError("Could not open the file at C:\\Users\\jpfla\\AppData\\Local\\Temp\\rust_mozprofilelWmJaf\\search.json.mozlz4", (void 0)))
console.error: Region.jsm: "Error fetching region" (new AbortError("The operation was aborted. ", (void 0), 770))
console.error: Region.jsm: "Failed to fetch region" (new Error("NO_RESULT", "resource://gre/modules/Region.jsm", 419))
1630614046605	Marionette	INFO	Listening on port 56781
1630614048263	Marionette	WARN	TLS certificate errors will be ignored for this session
JavaScript warning: http://loterias.caixa.gov.br/InstitucionalTema/themes/static/js/jquery-1.9.1.min.js, line 2: Using //@ to indicate sourceMappingURL pragmas is deprecated. Use //# instead
JavaScript warning: http://loterias.caixa.gov.br/InstitucionalTema/themes/static/js/rybena-1.0.js, line 0: Successfully compiled asm.js code (total compilation time 517ms)
[Parent 13212, IPC I/O Parent] WARNING: file /builds/worker/checkouts/gecko/ipc/chromium/src/base/process_util_win.cc:167
1630614085010	Marionette	INFO	Stopped listening on port 56781

###!!! [Child][RunMessage] Error: Channel closing: too late to send/recv, messages will be lost

1630614118809	geckodriver	INFO	Listening on 127.0.0.1:53822
1630614121815	mozrunner::runner	INFO	Running command: "C:\\Program Files\\Mozilla Firefox\\firefox.exe" "--marionette" "-foreground" "-no-remote" "-profile" "C:\\Users\\jpfla\\AppData\\Local\\Temp\\rust_mozprofileq3eLuE"
1630614134474	Marionette	INFO	Marionette enabled
console.warn: SearchSettings: "get: No settings file exists, new profile?" (new NotFoundError("Could not open the file at C:\\Users\\jpfla\\AppData\\Local\\Temp\\rust_mozprofileq3eLuE\\search.json.mozlz4", (void 0)))
1630614139861	Marionette	INFO	Listening on port 53832
1630614140893	Marionette	WARN	TLS certificate errors will be ignored for this session
JavaScript warning: http://loterias.caixa.gov.br/InstitucionalTema/themes/static/js/jquery-1.9.1.min.js, line 2: Using //@ to indicate sourceMappingURL pragmas is deprecated. Use //# instead
JavaScript warning: http://loterias.caixa.gov.br/InstitucionalTema/themes/static/js/rybena-1.0.js, line 0: Successfully compiled asm.js code (total compilation time 66ms)
1630614183096	Marionette	INFO	Stopped listening on port 53832

###!!! [Child][RunMessage] Error: Channel closing: too late to send/recv, messages will be lost

1630614384938	geckodriver	INFO	Listening on 127.0.0.1:57409
1630614387985	mozrunner::runner	INFO	Running command: "C:\\Program Files\\Mozilla Firefox\\firefox.exe" "--marionette" "-foreground" "-no-remote" "-profile" "C:\\Users\\jpfla\\AppData\\Local\\Temp\\rust_mozprofileM5D0be"
1630614389733	Marionette	INFO	Marionette enabled
console.warn: SearchSettings: "get: No settings file exists, new profile?" (new NotFoundError("Could not open the file at C:\\Users\\jpfla\\AppData\\Local\\Temp\\rust_mozprofileM5D0be\\search.json.mozlz4", (void 0)))
1630614395671	Marionette	INFO	Listening on port 57417
1630614396855	Marionette	WARN	TLS certificate errors will be ignored for this session
JavaScript warning: http://loterias.caixa.gov.br/InstitucionalTema/themes/static/js/jquery-1.9.1.min.js, line 2: Using //@ to indicate sourceMappingURL pragmas is deprecated. Use //# instead
JavaScript warning: http://loterias.caixa.gov.br/InstitucionalTema/themes/static/js/rybena-1.0.js, line 0: Successfully compiled asm.js code (total compilation time 79ms)
1630614435493	Marionette	INFO	Stopped listening on port 57417

###!!! [Child][RunMessage] Error: Channel closing: too late to send/recv, messages will be lost

1630614511509	geckodriver	INFO	Listening on 127.0.0.1:57506
1630614514523	mozrunner::runner	INFO	Running command: "C:\\Program Files\\Mozilla Firefox\\firefox.exe" "--marionette" "-foreground" "-no-remote" "-profile" "C:\\Users\\jpfla\\AppData\\Local\\Temp\\rust_mozprofileVLfj1C"
1630614519547	Marionette	INFO	Marionette enabled
console.warn: SearchSettings: "get: No settings file exists, new profile?" (new NotFoundError("Could not open the file at C:\\Users\\jpfla\\AppData\\Local\\Temp\\rust_mozprofileVLfj1C\\search.json.mozlz4", (void 0)))
1630614523983	Marionette	INFO	Listening on port 57516
1630614524057	Marionette	WARN	TLS certificate errors will be ignored for this session
JavaScript warning: http://loterias.caixa.gov.br/InstitucionalTema/themes/static/js/jquery-1.9.1.min.js, line 2: Using //@ to indicate sourceMappingURL pragmas is deprecated. Use //# instead
JavaScript warning: http://loterias.caixa.gov.br/InstitucionalTema/themes/static/js/rybena-1.0.js, line 0: Successfully compiled asm.js code (total compilation time 72ms)
1630614559668	Marionette	INFO	Stopped listening on port 57516

###!!! [Child][RunMessage] Error: Channel closing: too late to send/recv, messages will be lost

1630614662633	geckodriver	INFO	Listening on 127.0.0.1:57598
1630614665635	mozrunner::runner	INFO	Running command: "C:\\Program Files\\Mozilla Firefox\\firefox.exe" "--marionette" "-foreground" "-no-remote" "-profile" "C:\\Users\\jpfla\\AppData\\Local\\Temp\\rust_mozprofileEbjunn"
1630614666758	Marionette	INFO	Marionette enabled
console.warn: SearchSettings: "get: No settings file exists, new profile?" (new NotFoundError("Could not open the file at C:\\Users\\jpfla\\AppData\\Local\\Temp\\rust_mozprofileEbjunn\\search.json.mozlz4", (void 0)))
1630614673983	Marionette	INFO	Listening on port 57607
1630614674767	Marionette	WARN	TLS certificate errors will be ignored for this session
JavaScript warning: http://loterias.caixa.gov.br/InstitucionalTema/themes/static/js/jquery-1.9.1.min.js, line 2: Using //@ to indicate sourceMappingURL pragmas is deprecated. Use //# instead
JavaScript warning: http://loterias.caixa.gov.br/InstitucionalTema/themes/static/js/rybena-1.0.js, line 0: Successfully compiled asm.js code (total compilation time 51ms)
1630614712846	Marionette	INFO	Stopped listening on port 57607

###!!! [Child][RunMessage] Error: Channel closing: too late to send/recv, messages will be lost

1631226553401	geckodriver	INFO	Listening on 127.0.0.1:62528
1631226556793	mozrunner::runner	INFO	Running command: "C:\\Program Files\\Mozilla Firefox\\firefox.exe" "--marionette" "-foreground" "-no-remote" "-profile" "C:\\Users\\jpfla\\AppData\\Local\\Temp\\rust_mozprofile3SRa6o"
1631226581327	Marionette	INFO	Marionette enabled
console.warn: SearchSettings: "get: No settings file exists, new profile?" (new NotFoundError("Could not open the file at C:\\Users\\jpfla\\AppData\\Local\\Temp\\rust_mozprofile3SRa6o\\search.json.mozlz4", (void 0)))
console.error: Region.jsm: "Error fetching region" (new Error("TIMEOUT", "resource://gre/modules/Region.jsm", 772))
console.error: Region.jsm: "Failed to fetch region" (new Error("TIMEOUT", "resource://gre/modules/Region.jsm", 419))
1631226628962	Marionette	INFO	Listening on port 62536
1631226652270	Marionette	INFO	Stopped listening on port 62536

###!!! [Child][RunMessage] Error: Channel closing: too late to send/recv, messages will be lost

1631226690120	geckodriver	INFO	Listening on 127.0.0.1:57872
1631226693171	mozrunner::runner	INFO	Running command: "C:\\Program Files\\Mozilla Firefox\\firefox.exe" "--marionette" "-foreground" "-no-remote" "-profile" "C:\\Users\\jpfla\\AppData\\Local\\Temp\\rust_mozprofileENarF6"
1631226697415	Marionette	INFO	Marionette enabled
console.warn: SearchSettings: "get: No settings file exists, new profile?" (new NotFoundError("Could not open the file at C:\\Users\\jpfla\\AppData\\Local\\Temp\\rust_mozprofileENarF6\\search.json.mozlz4", (void 0)))
1631226703049	Marionette	INFO	Listening on port 57880
1631226704183	Marionette	WARN	TLS certificate errors will be ignored for this session
JavaScript warning: http://loterias.caixa.gov.br/InstitucionalTema/themes/static/js/jquery-1.9.1.min.js, line 2: Using //@ to indicate sourceMappingURL pragmas is deprecated. Use //# instead
[Parent 15488, IPC I/O Parent] WARNING: file /builds/worker/checkouts/gecko/ipc/chromium/src/base/process_util_win.cc:167
JavaScript warning: http://loterias.caixa.gov.br/InstitucionalTema/themes/static/js/rybena-1.0.js, line 0: Successfully compiled asm.js code (total compilation time 558ms)
1631226784855	Marionette	INFO	Stopped listening on port 57880

###!!! [Child][MessageChannel] Error: (msgtype=0x5A000D,name=PHttpChannel::Msg___delete__) Channel closing: too late to send/recv, messages will be lost


###!!! [Child][MessageChannel] Error: (msgtype=0x230030,name=PBrowser::Msg___delete__) Channel closing: too late to send/recv, messages will be lost


###!!! [Child][RunMessage] Error: Channel closing: too late to send/recv, messages will be lost

1631227137745	geckodriver	INFO	Listening on 127.0.0.1:52436
1631227140759	mozrunner::runner	INFO	Running command: "C:\\Program Files\\Mozilla Firefox\\firefox.exe" "--marionette" "-foreground" "-no-remote" "-profile" "C:\\Users\\jpfla\\AppData\\Local\\Temp\\rust_mozprofileLfhEwE"
1631227142029	Marionette	INFO	Marionette enabled
console.warn: SearchSettings: "get: No settings file exists, new profile?" (new NotFoundError("Could not open the file at C:\\Users\\jpfla\\AppData\\Local\\Temp\\rust_mozprofileLfhEwE\\search.json.mozlz4", (void 0)))
1631227150198	Marionette	INFO	Listening on port 52444
1631227151096	Marionette	WARN	TLS certificate errors will be ignored for this session
JavaScript warning: http://loterias.caixa.gov.br/InstitucionalTema/themes/static/js/jquery-1.9.1.min.js, line 2: Using //@ to indicate sourceMappingURL pragmas is deprecated. Use //# instead
JavaScript warning: http://loterias.caixa.gov.br/InstitucionalTema/themes/static/js/rybena-1.0.js, line 0: Successfully compiled asm.js code (total compilation time 83ms)
1631227228175	Marionette	INFO	Stopped listening on port 52444
[Child 15712, IPC I/O Child] WARNING: pipe error: 232: file /builds/worker/checkouts/gecko/ipc/chromium/src/chrome/common/ipc_channel_win.cc:544
1631227322103	geckodriver	INFO	Listening on 127.0.0.1:65520
1631227325150	mozrunner::runner	INFO	Running command: "C:\\Program Files\\Mozilla Firefox\\firefox.exe" "--marionette" "-foreground" "-no-remote" "-profile" "C:\\Users\\jpfla\\AppData\\Local\\Temp\\rust_mozprofileDjFPPr"
1631227326688	Marionette	INFO	Marionette enabled
console.warn: SearchSettings: "get: No settings file exists, new profile?" (new NotFoundError("Could not open the file at C:\\Users\\jpfla\\AppData\\Local\\Temp\\rust_mozprofileDjFPPr\\search.json.mozlz4", (void 0)))
1631227333531	Marionette	INFO	Listening on port 65529
1631227334543	Marionette	WARN	TLS certificate errors will be ignored for this session
JavaScript warning: http://loterias.caixa.gov.br/InstitucionalTema/themes/static/js/jquery-1.9.1.min.js, line 2: Using //@ to indicate sourceMappingURL pragmas is deprecated. Use //# instead
JavaScript warning: http://loterias.caixa.gov.br/InstitucionalTema/themes/static/js/rybena-1.0.js, line 0: Successfully compiled asm.js code (total compilation time 79ms)
1631227410737	Marionette	INFO	Stopped listening on port 65529

###!!! [Child][RunMessage] Error: Channel closing: too late to send/recv, messages will be lost

1631227528032	geckodriver	INFO	Listening on 127.0.0.1:64151
1631227531073	mozrunner::runner	INFO	Running command: "C:\\Program Files\\Mozilla Firefox\\firefox.exe" "--marionette" "-foreground" "-no-remote" "-profile" "C:\\Users\\jpfla\\AppData\\Local\\Temp\\rust_mozprofile0N1JH2"
1631227532055	Marionette	INFO	Marionette enabled
console.warn: SearchSettings: "get: No settings file exists, new profile?" (new NotFoundError("Could not open the file at C:\\Users\\jpfla\\AppData\\Local\\Temp\\rust_mozprofile0N1JH2\\search.json.mozlz4", (void 0)))
1631227540416	Marionette	INFO	Listening on port 64159
1631227541972	Marionette	WARN	TLS certificate errors will be ignored for this session
JavaScript warning: http://loterias.caixa.gov.br/InstitucionalTema/themes/static/js/jquery-1.9.1.min.js, line 2: Using //@ to indicate sourceMappingURL pragmas is deprecated. Use //# instead
JavaScript warning: http://loterias.caixa.gov.br/InstitucionalTema/themes/static/js/rybena-1.0.js, line 0: Successfully compiled asm.js code (total compilation time 72ms)
1631227615835	Marionette	INFO	Stopped listening on port 64159
*** UTM:SVC TimerManager:registerTimer called after profile-before-change notification. Ignoring timer registration for id: telemetry_modules_ping
*** UTM:SVC TimerManager:registerTimer called after profile-before-change notification. Ignoring timer registration for id: telemetry_untrustedmodules_ping
1631242163062	geckodriver	INFO	Listening on 127.0.0.1:58365
1631242166170	mozrunner::runner	INFO	Running command: "C:\\Program Files\\Mozilla Firefox\\firefox.exe" "--marionette" "-foreground" "-no-remote" "-profile" "C:\\Users\\jpfla\\AppData\\Local\\Temp\\rust_mozprofileFyczy5"
1631242167052	Marionette	INFO	Marionette enabled
console.warn: SearchSettings: "get: No settings file exists, new profile?" (new NotFoundError("Could not open the file at C:\\Users\\jpfla\\AppData\\Local\\Temp\\rust_mozprofileFyczy5\\search.json.mozlz4", (void 0)))
1631242172592	Marionette	INFO	Listening on port 58373
1631242173096	Marionette	WARN	TLS certificate errors will be ignored for this session
JavaScript warning: http://loterias.caixa.gov.br/InstitucionalTema/themes/static/js/jquery-1.9.1.min.js, line 2: Using //@ to indicate sourceMappingURL pragmas is deprecated. Use //# instead
JavaScript warning: http://loterias.caixa.gov.br/InstitucionalTema/themes/static/js/rybena-1.0.js, line 0: Successfully compiled asm.js code (total compilation time 88ms)
1631242222611	Marionette	INFO	Stopped listening on port 58373
1631242281639	geckodriver	INFO	Listening on 127.0.0.1:49594
1631242284643	mozrunner::runner	INFO	Running command: "C:\\Program Files\\Mozilla Firefox\\firefox.exe" "--marionette" "-foreground" "-no-remote" "-profile" "C:\\Users\\jpfla\\AppData\\Local\\Temp\\rust_mozprofile4sWK1y"
1631242285572	Marionette	INFO	Marionette enabled
console.warn: SearchSettings: "get: No settings file exists, new profile?" (new NotFoundError("Could not open the file at C:\\Users\\jpfla\\AppData\\Local\\Temp\\rust_mozprofile4sWK1y\\search.json.mozlz4", (void 0)))
1631242289410	Marionette	INFO	Listening on port 49603
1631242289930	Marionette	WARN	TLS certificate errors will be ignored for this session
JavaScript warning: http://loterias.caixa.gov.br/InstitucionalTema/themes/static/js/jquery-1.9.1.min.js, line 2: Using //@ to indicate sourceMappingURL pragmas is deprecated. Use //# instead
JavaScript warning: http://loterias.caixa.gov.br/InstitucionalTema/themes/static/js/rybena-1.0.js, line 0: Successfully compiled asm.js code (total compilation time 77ms)
1631242335095	Marionette	INFO	Stopped listening on port 49603
1631287591678	geckodriver	INFO	Listening on 127.0.0.1:54809
1631287594810	mozrunner::runner	INFO	Running command: "C:\\Program Files\\Mozilla Firefox\\firefox.exe" "--marionette" "-foreground" "-no-remote" "-profile" "C:\\Users\\jpfla\\AppData\\Local\\Temp\\rust_mozprofile0bEluh"
1631287599867	Marionette	INFO	Marionette enabled
console.warn: SearchSettings: "get: No settings file exists, new profile?" (new NotFoundError("Could not open the file at C:\\Users\\jpfla\\AppData\\Local\\Temp\\rust_mozprofile0bEluh\\search.json.mozlz4", (void 0)))
1631287613892	Marionette	INFO	Listening on port 54817
1631287614556	Marionette	WARN	TLS certificate errors will be ignored for this session
JavaScript warning: http://loterias.caixa.gov.br/InstitucionalTema/themes/static/js/jquery-1.9.1.min.js, line 2: Using //@ to indicate sourceMappingURL pragmas is deprecated. Use //# instead
JavaScript warning: http://loterias.caixa.gov.br/InstitucionalTema/themes/static/js/rybena-1.0.js, line 0: Successfully compiled asm.js code (total compilation time 167ms)
1631287660763	Marionette	INFO	Stopped listening on port 54817
[Parent 13288, IPC I/O Parent] WARNING: file /builds/worker/checkouts/gecko/ipc/chromium/src/base/process_util_win.cc:167
1631287711317	geckodriver	INFO	Listening on 127.0.0.1:54897
1631287714360	mozrunner::runner	INFO	Running command: "C:\\Program Files\\Mozilla Firefox\\firefox.exe" "--marionette" "-foreground" "-no-remote" "-profile" "C:\\Users\\jpfla\\AppData\\Local\\Temp\\rust_mozprofiletEGIEo"
1631287716408	Marionette	INFO	Marionette enabled
console.warn: SearchSettings: "get: No settings file exists, new profile?" (new NotFoundError("Could not open the file at C:\\Users\\jpfla\\AppData\\Local\\Temp\\rust_mozprofiletEGIEo\\search.json.mozlz4", (void 0)))
1631287720713	Marionette	INFO	Listening on port 54905
1631287721492	Marionette	WARN	TLS certificate errors will be ignored for this session
JavaScript warning: http://loterias.caixa.gov.br/InstitucionalTema/themes/static/js/jquery-1.9.1.min.js, line 2: Using //@ to indicate sourceMappingURL pragmas is deprecated. Use //# instead
JavaScript warning: http://loterias.caixa.gov.br/InstitucionalTema/themes/static/js/rybena-1.0.js, line 0: Successfully compiled asm.js code (total compilation time 85ms)
1631287767287	Marionette	INFO	Stopped listening on port 54905
